proguard/seeds.txt
cc.upedu.online.MainActivity
cc.upedu.online.MainActivity: MainActivity()
cc.upedu.online.OnlineApp
cc.upedu.online.OnlineApp: OnlineApp()
cc.upedu.online.R$anim
cc.upedu.online.R$anim: int abc_fade_in
cc.upedu.online.R$anim: int abc_fade_out
cc.upedu.online.R$anim: int abc_grow_fade_in_from_bottom
cc.upedu.online.R$anim: int abc_shrink_fade_out_from_bottom
cc.upedu.online.R$anim: int abc_slide_in_bottom
cc.upedu.online.R$anim: int abc_slide_in_top
cc.upedu.online.R$anim: int abc_slide_out_bottom
cc.upedu.online.R$anim: int abc_slide_out_top
cc.upedu.online.R$anim: int actionsheet_dialog_in
cc.upedu.online.R$anim: int actionsheet_dialog_out
cc.upedu.online.R$anim: int dialog_enter
cc.upedu.online.R$anim: int dialog_exit
cc.upedu.online.R$anim: int push_left_in
cc.upedu.online.R$anim: int push_left_out
cc.upedu.online.R$anim: int spinner
cc.upedu.online.R$anim: int update_loading_progressbar_anim
cc.upedu.online.R$anim: R$anim()
cc.upedu.online.R$array
cc.upedu.online.R$array: int launch_list_entries
cc.upedu.online.R$array: int ownitem
cc.upedu.online.R$array: int schoolmatepeer
cc.upedu.online.R$array: int smssdk_country_group_a
cc.upedu.online.R$array: int smssdk_country_group_b
cc.upedu.online.R$array: int smssdk_country_group_c
cc.upedu.online.R$array: int smssdk_country_group_d
cc.upedu.online.R$array: int smssdk_country_group_e
cc.upedu.online.R$array: int smssdk_country_group_f
cc.upedu.online.R$array: int smssdk_country_group_g
cc.upedu.online.R$array: int smssdk_country_group_h
cc.upedu.online.R$array: int smssdk_country_group_i
cc.upedu.online.R$array: int smssdk_country_group_j
cc.upedu.online.R$array: int smssdk_country_group_k
cc.upedu.online.R$array: int smssdk_country_group_l
cc.upedu.online.R$array: int smssdk_country_group_m
cc.upedu.online.R$array: int smssdk_country_group_n
cc.upedu.online.R$array: int smssdk_country_group_o
cc.upedu.online.R$array: int smssdk_country_group_p
cc.upedu.online.R$array: int smssdk_country_group_q
cc.upedu.online.R$array: int smssdk_country_group_r
cc.upedu.online.R$array: int smssdk_country_group_s
cc.upedu.online.R$array: int smssdk_country_group_t
cc.upedu.online.R$array: int smssdk_country_group_u
cc.upedu.online.R$array: int smssdk_country_group_v
cc.upedu.online.R$array: int smssdk_country_group_w
cc.upedu.online.R$array: int smssdk_country_group_x
cc.upedu.online.R$array: int smssdk_country_group_y
cc.upedu.online.R$attr
cc.upedu.online.R$attr: int actionBarDivider
cc.upedu.online.R$attr: int actionBarItemBackground
cc.upedu.online.R$attr: int actionBarPopupTheme
cc.upedu.online.R$attr: int actionBarSize
cc.upedu.online.R$attr: int actionBarSplitStyle
cc.upedu.online.R$attr: int actionBarStyle
cc.upedu.online.R$attr: int actionBarTabBarStyle
cc.upedu.online.R$attr: int actionBarTabStyle
cc.upedu.online.R$attr: int actionBarTabTextStyle
cc.upedu.online.R$attr: int actionBarTheme
cc.upedu.online.R$attr: int actionBarWidgetTheme
cc.upedu.online.R$attr: int actionButtonStyle
cc.upedu.online.R$attr: int actionDropDownStyle
cc.upedu.online.R$attr: int actionLayout
cc.upedu.online.R$attr: int actionMenuTextAppearance
cc.upedu.online.R$attr: int actionMenuTextColor
cc.upedu.online.R$attr: int actionModeBackground
cc.upedu.online.R$attr: int actionModeCloseButtonStyle
cc.upedu.online.R$attr: int actionModeCloseDrawable
cc.upedu.online.R$attr: int actionModeCopyDrawable
cc.upedu.online.R$attr: int actionModeCutDrawable
cc.upedu.online.R$attr: int actionModeFindDrawable
cc.upedu.online.R$attr: int actionModePasteDrawable
cc.upedu.online.R$attr: int actionModePopupWindowStyle
cc.upedu.online.R$attr: int actionModeSelectAllDrawable
cc.upedu.online.R$attr: int actionModeShareDrawable
cc.upedu.online.R$attr: int actionModeSplitBackground
cc.upedu.online.R$attr: int actionModeStyle
cc.upedu.online.R$attr: int actionModeWebSearchDrawable
...
android.support.v4.content.ModernAsyncTask$3
android.support.v4.content.ModernAsyncTask$3: android.support.v4.content.ModernAsyncTask this$0
android.support.v4.content.ModernAsyncTask$3: ModernAsyncTask$3(android.support.v4.content.ModernAsyncTask,java.util.concurrent.Callable)
android.support.v4.content.ModernAsyncTask$3: void done()
android.support.v4.content.ModernAsyncTask$4
android.support.v4.content.ModernAsyncTask$4: int[] $SwitchMap$android$support$v4$content$ModernAsyncTask$Status
android.support.v4.content.ModernAsyncTask$4: void <clinit>()
android.support.v4.content.ModernAsyncTask$AsyncTaskResult
android.support.v4.content.ModernAsyncTask$AsyncTaskResult: android.support.v4.content.ModernAsyncTask mTask
android.support.v4.content.ModernAsyncTask$AsyncTaskResult: java.lang.Object[] mData
android.support.v4.content.ModernAsyncTask$AsyncTaskResult: ModernAsyncTask$AsyncTaskResult(android.support.v4.content.ModernAsyncTask,java.lang.Object[])
android.support.v4.content.ModernAsyncTask$InternalHandler
android.support.v4.content.ModernAsyncTask$InternalHandler: ModernAsyncTask$InternalHandler()
android.support.v4.content.ModernAsyncTask$InternalHandler: void handleMessage(android.os.Message)
android.support.v4.content.ModernAsyncTask$InternalHandler: ModernAsyncTask$InternalHandler(android.support.v4.content.ModernAsyncTask$1)
android.support.v4.content.ModernAsyncTask$Status
android.support.v4.content.ModernAsyncTask$Status: android.support.v4.content.ModernAsyncTask$Status PENDING
android.support.v4.content.ModernAsyncTask$Status: android.support.v4.content.ModernAsyncTask$Status RUNNING
android.support.v4.content.ModernAsyncTask$Status: android.support.v4.content.ModernAsyncTask$Status FINISHED
android.support.v4.content.ModernAsyncTask$Status: android.support.v4.content.ModernAsyncTask$Status[] $VALUES
android.support.v4.content.ModernAsyncTask$Status: android.support.v4.content.ModernAsyncTask$Status[] values()
android.support.v4.content.ModernAsyncTask$Status: android.support.v4.content.ModernAsyncTask$Status valueOf(java.lang.String)
android.support.v4.content.ModernAsyncTask$Status: ModernAsyncTask$Status(java.lang.String,int)
android.support.v4.content.ModernAsyncTask$Status: void <clinit>()
android.support.v4.content.ModernAsyncTask$WorkerRunnable
android.support.v4.content.ModernAsyncTask$WorkerRunnable: java.lang.Object[] mParams
android.support.v4.content.ModernAsyncTask$WorkerRunnable: ModernAsyncTask$WorkerRunnable()
android.support.v4.content.ModernAsyncTask$WorkerRunnable: ModernAsyncTask$WorkerRunnable(android.support.v4.content.ModernAsyncTask$1)
android.support.v4.content.pm.ActivityInfoCompat
android.support.v4.content.pm.ActivityInfoCompat: int CONFIG_UI_MODE
android.support.v4.content.pm.ActivityInfoCompat: ActivityInfoCompat()
android.support.v4.database.DatabaseUtilsCompat
android.support.v4.database.DatabaseUtilsCompat: DatabaseUtilsCompat()
android.support.v4.database.DatabaseUtilsCompat: java.lang.String concatenateWhere(java.lang.String,java.lang.String)
android.support.v4.database.DatabaseUtilsCompat: java.lang.String[] appendSelectionArgs(java.lang.String[],java.lang.String[])
android.support.v4.net.ConnectivityManagerCompat
android.support.v4.net.ConnectivityManagerCompat: android.support.v4.net.ConnectivityManagerCompat$ConnectivityManagerCompatImpl IMPL
android.support.v4.net.ConnectivityManagerCompat: ConnectivityManagerCompat()
android.support.v4.net.ConnectivityManagerCompat: boolean isActiveNetworkMetered(android.net.ConnectivityManager)
android.support.v4.net.ConnectivityManagerCompat: android.net.NetworkInfo getNetworkInfoFromBroadcast(android.net.ConnectivityManager,android.content.Intent)
android.support.v4.net.ConnectivityManagerCompat: void <clinit>()