proguard/mapping.txt
cc.upedu.online.CrashHandler -> cc.upedu.online.a:
    java.lang.Thread$UncaughtExceptionHandler mDefaultHandler -> a
    cc.upedu.online.CrashHandler mInstance -> b
    android.content.Context mContext -> c
    java.util.Map mLogInfo -> d
    java.text.SimpleDateFormat mSimpleDateFormat -> e
    java.lang.String mFileName -> f
    97:97:cc.upedu.online.CrashHandler getInstance() -> a
    111:116:void init(android.content.Context) -> a
    123:139:void uncaughtException(java.lang.Thread,java.lang.Throwable) -> uncaughtException
    152:189:boolean handleException(java.lang.Throwable) -> a
    223:254:void getDeviceInfo(android.content.Context) -> b
    268:313:java.lang.String saveCrashLogToFile(java.lang.Throwable) -> b
    67:67:android.content.Context access$0(cc.upedu.online.CrashHandler) -> a
cc.upedu.online.CrashHandler$1 -> cc.upedu.online.b:
    cc.upedu.online.CrashHandler this$0 -> a
    156:160:void run() -> run
cc.upedu.online.MainActivity -> cc.upedu.online.MainActivity:
    com.jeremyfeinstein.slidingmenu.lib.SlidingMenu slidingMenu -> a
    cc.upedu.online.fragment.MenuFragment menuFragment -> b
    cc.upedu.online.fragment.MainFragment mainFragment -> c
    25:57:void onCreate(android.os.Bundle) -> onCreate
    76:99:boolean onKeyDown(int,android.view.KeyEvent) -> onKeyDown
    104:106:void onDestroy() -> onDestroy
cc.upedu.online.MainActivity$1 -> cc.upedu.online.c:
    cc.upedu.online.MainActivity this$0 -> a
    92:94:void confirmOperation() -> a
cc.upedu.online.OnlineApp -> cc.upedu.online.OnlineApp:
    android.content.SharedPreferences sp -> a
    android.content.SharedPreferences$Editor edit -> b
    android.content.Context context -> c
    cc.upedu.online.OnlineApp myApp -> d
    cc.upedu.online.net.ThreadPoolManager instance -> e
    java.util.LinkedList mActivitys -> f
    java.util.HashMap myMap -> g
    27:36:void onCreate() -> onCreate
    42:43:void addActivity(android.app.Activity) -> a
    49:50:void removeActivity(android.app.Activity) -> b
cc.upedu.online.R -> cc.upedu.online.R:
cc.upedu.online.R$anim -> cc.upedu.online.R$anim:
    int abc_fade_in -> abc_fade_in
    int abc_fade_out -> abc_fade_out
    int abc_grow_fade_in_from_bottom -> abc_grow_fade_in_from_bottom
    int abc_shrink_fade_out_from_bottom -> abc_shrink_fade_out_from_bottom
    int abc_slide_in_bottom -> abc_slide_in_bottom
    int abc_slide_in_top -> abc_slide_in_top
    int abc_slide_out_bottom -> abc_slide_out_bottom
    int abc_slide_out_top -> abc_slide_out_top
    int actionsheet_dialog_in -> actionsheet_dialog_in
    int actionsheet_dialog_out -> actionsheet_dialog_out
    int dialog_enter -> dialog_enter
    int dialog_exit -> dialog_exit
    int push_left_in -> push_left_in
    int push_left_out -> push_left_out
    int spinner -> spinner
    int update_loading_progressbar_anim -> update_loading_progressbar_anim
...
android.support.v7.view.ActionMode$Callback -> android.support.v7.a.b:
    boolean onCreateActionMode(android.support.v7.view.ActionMode,android.view.Menu) -> a
    boolean onPrepareActionMode(android.support.v7.view.ActionMode,android.view.Menu) -> b
    boolean onActionItemClicked(android.support.v7.view.ActionMode,android.view.MenuItem) -> a
    void onDestroyActionMode(android.support.v7.view.ActionMode) -> a
android.support.v7.view.CollapsibleActionView -> android.support.v7.a.c:
    void onActionViewExpanded() -> a
    void onActionViewCollapsed() -> b
android.support.v7.widget.ActionMenuPresenter -> android.support.v7.widget.ActionMenuPresenter:
    android.view.View mOverflowButton -> i
    boolean mReserveOverflow -> j
    boolean mReserveOverflowSet -> k
    int mWidthLimit -> l
    int mActionItemWidthLimit -> m
    int mMaxItems -> n
    boolean mMaxItemsSet -> o
    boolean mStrictWidthLimit -> p
    boolean mWidthLimitSet -> q
    boolean mExpandedActionViewsExclusive -> r
    int mMinCellSize -> s
    android.util.SparseBooleanArray mActionButtonGroups -> t
    android.view.View mScrapActionButtonView -> u
    android.support.v7.widget.ActionMenuPresenter$OverflowPopup mOverflowPopup -> v
    android.support.v7.widget.ActionMenuPresenter$ActionButtonSubmenu mActionButtonPopup -> w
    android.support.v7.widget.ActionMenuPresenter$OpenOverflowRunnable mPostedOpenRunnable -> x
    android.support.v7.widget.ActionMenuPresenter$ActionMenuPopupCallback mPopupCallback -> y
    android.support.v7.widget.ActionMenuPresenter$PopupPresenterCallback mPopupPresenterCallback -> g
    int mOpenSubMenuId -> h
    91:127:void initForMenu(android.content.Context,android.support.v7.internal.view.menu.MenuBuilder) -> a
    130:137:void onConfigurationChanged(android.content.res.Configuration) -> a
    140:143:void setWidthLimit(int,boolean) -> a
    146:148:void setReserveOverflow(boolean) -> b
    151:153:void setItemLimit(int) -> b
    156:157:void setExpandedActionViewsExclusive(boolean) -> c
android.support.v7.widget.ActionMenuPresenter$1 -> android.support.v7.widget.a:
android.support.v7.widget.ActionMenuPresenter$ActionButtonSubmenu -> android.support.v7.widget.b:
    android.support.v7.internal.view.menu.SubMenuBuilder mSubMenu -> d
    android.support.v7.widget.ActionMenuPresenter this$0 -> c
    713:716:void onDismiss() -> onDismiss
android.support.v7.widget.ActionMenuPresenter$ActionMenuPopupCallback -> android.support.v7.widget.c:
    android.support.v7.widget.ActionMenuPresenter this$0 -> a
    762:762:android.support.v7.widget.ListPopupWindow getPopup() -> a
android.support.v7.widget.ActionMenuPresenter$OpenOverflowRunnable -> android.support.v7.widget.d:
    android.support.v7.widget.ActionMenuPresenter$OverflowPopup mPopup -> b
    android.support.v7.widget.ActionMenuPresenter this$0 -> a
    750:756:void run() -> run
android.support.v7.widget.ActionMenuPresenter$OverflowMenuButton -> android.support.v7.widget.e:
    float[] mTempPts -> b
    android.support.v7.widget.ActionMenuPresenter this$0 -> a
    628:634:boolean performClick() -> performClick
    639:639:boolean needsDividerBefore() -> d
    644:644:boolean needsDividerAfter() -> e
    649:662:boolean setFrame(int,int,int,int) -> setFrame
android.support.v7.widget.ActionMenuPresenter$OverflowMenuButton$1 -> android.support.v7.widget.f:
    android.support.v7.widget.ActionMenuPresenter val$this$0 -> a
    android.support.v7.widget.ActionMenuPresenter$OverflowMenuButton this$1 -> b
    598:602:android.support.v7.widget.ListPopupWindow getPopup() -> a
    607:608:boolean onForwardingStarted() -> b
    616:621:boolean onForwardingStopped() -> c
android.support.v7.widget.ActionMenuPresenter$OverflowPopup -> android.support.v7.widget.g:
    android.support.v7.widget.ActionMenuPresenter this$0 -> c
    677:680:void onDismiss() -> onDismiss