proguard/usage.txt
cc.upedu.online.BuildConfig
cc.upedu.online.CrashHandler:
    private static final java.lang.String TAG
cc.upedu.online.MainActivity:
    64:64:public cc.upedu.online.fragment.MenuFragment switchMenufragment()
    70:70:public cc.upedu.online.fragment.MainFragment switchHomeFragment()
cc.upedu.online.OnlineApp:
    public java.lang.Object object
    52:64:public void exit()
cc.upedu.online.R:
    10:10:public R()
cc.upedu.online.activity.AddCompanyActivity:
    public static final int RESULT_SETCOMPANYITEM
    public static final int REQUEST_SETCOMPANYNAME
    public static final int REQUEST_SETINDUSTRY
    public static final int REQUEST_SETCOMPANYCITY
    public static final int REQUEST_SETPRODUCTLIST
    public static final int REQUEST_SETPOSITION
    public static final int REQUEST_SETCOMPANYWEB
    438:443:private void updatecCities(cc.upedu.online.view.wheelcity.WheelView,java.lang.String[][][],int,int)
cc.upedu.online.activity.AddProductActivity:
    public static final int RESULT_SETOLDPRODUCTCITY
    public static final int RESULT_SETNEWPRODUCTCITY
cc.upedu.online.activity.CourseIntroduceActivity:
    private static final int REQUEST_CODE
    int kpointId
cc.upedu.online.activity.CourseIntroduceActivity$CourseArchitectureAdapter:
    581:581:public CourseIntroduceActivity$CourseArchitectureAdapter(cc.upedu.online.activity.CourseIntroduceActivity)
cc.upedu.online.activity.CourseStudyActivity:
    private static final int SAVE_NOTICE
    private static final int ADD_QUESTION
    private static final int COLLECT_COURSE
    boolean isok
    public static final int RESULT_CODE
    561:566:public void isNetWork()
cc.upedu.online.activity.LoginActivity:
    private android.widget.ImageView backImageView
    private int userId
cc.upedu.online.activity.MyCollectActivity:
    cc.upedu.online.adapter.MyCourseListAdapter myCourseListAdapter
cc.upedu.online.activity.MyStudyAnswerActivity:
    private java.util.List courseList
    cc.upedu.online.adapter.MyCourseListAdapter myCourseListAdapter
cc.upedu.online.activity.MyWalletCoinActivity:
    private cc.upedu.online.net.RequestVo requestVo
    private cc.upedu.online.base.BaseActivity$DataCallBack dataCallBack
    java.lang.String userId
cc.upedu.online.activity.MyWalletDetailDaoshiActivity:
    private android.view.View popView
cc.upedu.online.activity.MyWalletSmallMoneyActivity:
    private cc.upedu.online.net.RequestVo requestVo
    private cc.upedu.online.base.BaseActivity$DataCallBack dataCallBack
    java.lang.String userId
cc.upedu.online.activity.PrivateLetterActivity$sendMessageBean:
    final synthetic cc.upedu.online.activity.PrivateLetterActivity this$0
    138:138:public PrivateLetterActivity$sendMessageBean(cc.upedu.online.activity.PrivateLetterActivity)
cc.upedu.online.activity.RegistActivity:
    private android.app.ProgressDialog dialog
    private int userId
cc.upedu.online.activity.SetAdressActivity:
    public static final int RESULT_SETADRESS
    247:252:private void updatecCities(cc.upedu.online.view.wheelcity.WheelView,java.lang.String[][][],int,int)
cc.upedu.online.activity.SetBgActivity:
    public static final int RESULT_SETBG
cc.upedu.online.activity.SetBirthdayActivity:
    public static final int RESULT_SETBIRTHDAY
cc.upedu.online.activity.SetCompanyActivity:
    public static final int RESULT_SETCOMPANY
    public static final int REQUEST_SETCOMPANYITEM
cc.upedu.online.activity.SetCompanyNameActivity:
    public static final int RESULT_SETCOMPANYNAME
cc.upedu.online.activity.SetCompanyWebActivity:
    public static final int RESULT_SETCOMPANYWEB
cc.upedu.online.activity.SetDreamActivity:
    public static final int RESULT_SETDREAM
cc.upedu.online.activity.SetEmailActivity:
    public static final int RESULT_SETEMAIL
cc.upedu.online.activity.SetHobbyActivity:
    public static final int RESULT_SETHOBBY
cc.upedu.online.activity.SetIndustryActivity:
    public static final int RESULT_SETINDUSTRY
...
com.mob.tools.gui.PullToRefreshView:
    private static final long MIN_REF_TIME
    private android.view.View headerView
    private android.view.View bodyView
    public PullToRefreshView(android.content.Context)
    public void setAdapter(com.mob.tools.gui.PullToRefreshAdatper)
    public void performPulling(boolean)
    public void stopPulling()
    public void lockPulling()
    public void releaseLock()
com.mob.tools.gui.ScaledImageView:
    private static final int DRAG_1
    private static final int DRAG_2
    private static final int NONE
    private static final int ZOOM
    private android.graphics.Bitmap bitmap
    public ScaledImageView(android.content.Context)
    public void setBitmap(android.graphics.Bitmap)
    public void setOnMatrixChangedListener(com.mob.tools.gui.ScaledImageView$OnMatrixChangedListener)
    public void rotateLeft()
    public void rotateRight()
    public void zoomIn()
    public void zoomOut()
    public android.graphics.Bitmap getCropedBitmap(android.graphics.Rect)
com.mob.tools.gui.ScrollableGridView:
    public ScrollableGridView(android.content.Context)
    public boolean isReadyToPull()
com.mob.tools.gui.ScrollableListView:
    public ScrollableListView(android.content.Context)
    public boolean isReadyToPull()
com.mob.tools.gui.ViewPagerAdapter:
    public ViewPagerAdapter()
    public abstract int getCount()
    public abstract android.view.View getView(int,android.view.ViewGroup)
com.mob.tools.gui.ViewPagerClassic:
    private static final int SNAP_VELOCITY
    private static final int TOUCH_STATE_REST
    private static final int TOUCH_STATE_SCROLLING
    public ViewPagerClassic(android.content.Context)
    public int getCurrentScreen()
    public void setCurrentScreen(int)
    public void setAdapter(com.mob.tools.gui.ViewPagerAdapter)
    public void scrollLeft()
    public void scrollRight()
com.mob.tools.log.LogCollector:
    public static final int LEVEL_NORMAL
    public static final int LEVEL_CRASH
    public static final int LEVEL_NATIVE
com.mob.tools.log.NativeErrorHandler:
    private static final int MAX_LOG_SIZE
    public NativeErrorHandler()
com.mob.tools.network.BufferedByteArrayOutputStream:
    public boolean switchBuffer(byte[])
    public int getBufferSize()
    public void write(java.nio.ByteBuffer,int)
com.mob.tools.network.FilePart:
    public void setFile(java.io.File)
com.mob.tools.network.HTTPPart:
    public void setOffset(long)
    public void setOnReadListener(com.mob.tools.network.OnReadListener)
com.mob.tools.network.HttpPatch
com.mob.tools.network.NetworkHelper:
    public java.lang.String httpGet(java.lang.String,java.util.ArrayList,java.util.ArrayList,java.util.ArrayList)
    public java.lang.String downloadCache(android.content.Context,java.lang.String,java.lang.String,boolean)
    public java.lang.String jsonPost(java.lang.String,java.util.ArrayList,java.util.ArrayList,java.util.ArrayList)
    public java.lang.String httpPut(java.lang.String,java.util.ArrayList,com.mob.tools.network.KVPair,java.util.ArrayList,java.util.ArrayList)
    public java.util.ArrayList httpHead(java.lang.String,java.util.ArrayList,com.mob.tools.network.KVPair,java.util.ArrayList,java.util.ArrayList)
    public void httpPatch(java.lang.String,java.util.ArrayList,com.mob.tools.network.KVPair,long,java.util.ArrayList,java.util.ArrayList,com.mob.tools.network.OnReadListener,com.mob.tools.network.HttpResponseCallback)
    public java.lang.String httpPatch(java.lang.String,java.util.ArrayList,com.mob.tools.network.KVPair,long,java.util.ArrayList,java.util.ArrayList,com.mob.tools.network.OnReadListener)
    public void getHttpPostResponse(java.lang.String,java.util.ArrayList,com.mob.tools.network.KVPair,java.util.ArrayList,java.util.ArrayList,com.mob.tools.network.HttpResponseCallback)
com.mob.tools.network.NetworkHelper$2
com.mob.tools.network.ProgressCallback